<?xml version="1.0" encoding="UTF-8"?>
<!-- Generated by org.testng.reporters.JUnitReportReporter -->
<testsuite skipped="1" hostname="LAPTOP-EAN7OGTB" name="com.inetbanking.testCases.TC_Login_DDT_002" tests="1" failures="0" timestamp="14 Feb 2019 03:11:08 GMT" time="0.000" errors="0">
  <testcase name="LoginDDT" time="0.000" classname="com.inetbanking.testCases.TC_Login_DDT_002">
    <skipped/>
  </testcase> <!-- LoginDDT -->
</testsuite> <!-- com.inetbanking.testCases.TC_Login_DDT_002 -->
